[ERROR] CallbackRouteError: Read more at https://errors.authjs.dev#callbackrouteerror []
[ERROR] CallbackRouteError: Read more at https://errors.authjs.dev#callbackrouteerror []
[ERROR] CallbackRouteError: Read more at https://errors.authjs.dev#callbackrouteerror
    at Module.callback (/Users/mengtian/Code/study-companion/.next/dev/server/chunks/97170_@auth_core_17c76a4c._.js:4488:23)
    at async AuthInternal (/Users/mengtian/Code/study-companion/.next/dev/server/chunks/97170_@auth_core_17c76a4c._.js:5123:24)
    at async Auth (/Users/mengtian/Code/study-companion/.next/dev/server/chunks/97170_@auth_core_17c76a4c._.js:5370:34)
    at async AppRouteRouteModule.do (/Users/mengtian/Code/study-companion/node_modules/next/dist/compiled/next-server/app-route-turbo.runtime.dev.js:5:37866)
    at async AppRouteRouteModule.handle (/Users/mengtian/Code/study-companion/node_modules/next/dist/compiled/next-server/app-route-turbo.runtime.dev.js:5:45156)
    at async responseGenerator (/Users/mengtian/Code/study-companion/.next/dev/server/chunks/node_modules_next_c0d7f167._.js:17148:38)
    at async AppRouteRouteModule.handleResponse (/Users/mengtian/Code/study-companion/node_modules/next/dist/compiled/next-server/app-route-turbo.runtime.dev.js:1:191938)
    at async handleResponse (/Users/mengtian/Code/study-companion/.next/dev/server/chunks/node_modules_next_c0d7f167._.js:17211:32)
    at async Module.handler (/Users/mengtian/Code/study-companion/.next/dev/server/chunks/node_modules_next_c0d7f167._.js:17264:13)
    at async DevServer.renderToResponseWithComponentsImpl (/Users/mengtian/Code/study-companion/node_modules/next/dist/server/base-server.js:1442:9)
    at async DevServer.renderPageComponent (/Users/mengtian/Code/study-companion/node_modules/next/dist/server/base-server.js:1494:24)
    at async DevServer.renderToResponseImpl (/Users/mengtian/Code/study-companion/node_modules/next/dist/server/base-server.js:1544:32)
    at async DevServer.pipeImpl (/Users/mengtian/Code/study-companion/node_modules/next/dist/server/base-server.js:1038:25)
    at async NextNodeServer.handleCatchallRenderRequest (/Users/mengtian/Code/study-companion/node_modules/next/dist/server/next-server.js:395:17)
    at async DevServer.handleRequestImpl (/Users/mengtian/Code/study-companion/node_modules/next/dist/server/base-server.js:929:17)
    at async /Users/mengtian/Code/study-companion/node_modules/next/dist/server/dev/next-dev-server.js:387:20
    at async Span.traceAsyncFn (/Users/mengtian/Code/study-companion/node_modules/next/dist/trace/trace.js:157:20)
    at async DevServer.handleRequest (/Users/mengtian/Code/study-companion/node_modules/next/dist/server/dev/next-dev-server.js:383:24)
    at async invokeRender (/Users/mengtian/Code/study-companion/node_modules/next/dist/server/lib/router-server.js:248:21)
    at async handleRequest (/Users/mengtian/Code/study-companion/node_modules/next/dist/server/lib/router-server.js:447:24)
    at async requestHandlerImpl (/Users/mengtian/Code/study-companion/node_modules/next/dist/server/lib/router-server.js:496:13)
    at async Server.requestListener (/Users/mengtian/Code/study-companion/node_modules/next/dist/server/lib/start-server.js:226:13)\nCause: {"err":{"name":"PrismaClientValidationError","clientVersion":"5.22.0"},"provider":"google"}\n[ERROR] CallbackRouteError: Read more at https://errors.authjs.dev#callbackrouteerror
    at Module.callback (/Users/mengtian/Code/study-companion/.next/dev/server/chunks/97170_@auth_core_17c76a4c._.js:4488:23)
    at async AuthInternal (/Users/mengtian/Code/study-companion/.next/dev/server/chunks/97170_@auth_core_17c76a4c._.js:5123:24)
    at async Auth (/Users/mengtian/Code/study-companion/.next/dev/server/chunks/97170_@auth_core_17c76a4c._.js:5370:34)
    at async AppRouteRouteModule.do (/Users/mengtian/Code/study-companion/node_modules/next/dist/compiled/next-server/app-route-turbo.runtime.dev.js:5:37866)
    at async AppRouteRouteModule.handle (/Users/mengtian/Code/study-companion/node_modules/next/dist/compiled/next-server/app-route-turbo.runtime.dev.js:5:45156)
    at async responseGenerator (/Users/mengtian/Code/study-companion/.next/dev/server/chunks/node_modules_next_c0d7f167._.js:17148:38)
    at async AppRouteRouteModule.handleResponse (/Users/mengtian/Code/study-companion/node_modules/next/dist/compiled/next-server/app-route-turbo.runtime.dev.js:1:191938)
    at async handleResponse (/Users/mengtian/Code/study-companion/.next/dev/server/chunks/node_modules_next_c0d7f167._.js:17211:32)
    at async Module.handler (/Users/mengtian/Code/study-companion/.next/dev/server/chunks/node_modules_next_c0d7f167._.js:17264:13)
    at async DevServer.renderToResponseWithComponentsImpl (/Users/mengtian/Code/study-companion/node_modules/next/dist/server/base-server.js:1442:9)
    at async DevServer.renderPageComponent (/Users/mengtian/Code/study-companion/node_modules/next/dist/server/base-server.js:1494:24)
    at async DevServer.renderToResponseImpl (/Users/mengtian/Code/study-companion/node_modules/next/dist/server/base-server.js:1544:32)
    at async DevServer.pipeImpl (/Users/mengtian/Code/study-companion/node_modules/next/dist/server/base-server.js:1038:25)
    at async NextNodeServer.handleCatchallRenderRequest (/Users/mengtian/Code/study-companion/node_modules/next/dist/server/next-server.js:395:17)
    at async DevServer.handleRequestImpl (/Users/mengtian/Code/study-companion/node_modules/next/dist/server/base-server.js:929:17)
    at async /Users/mengtian/Code/study-companion/node_modules/next/dist/server/dev/next-dev-server.js:387:20
    at async Span.traceAsyncFn (/Users/mengtian/Code/study-companion/node_modules/next/dist/trace/trace.js:157:20)
    at async DevServer.handleRequest (/Users/mengtian/Code/study-companion/node_modules/next/dist/server/dev/next-dev-server.js:383:24)
    at async invokeRender (/Users/mengtian/Code/study-companion/node_modules/next/dist/server/lib/router-server.js:248:21)
    at async handleRequest (/Users/mengtian/Code/study-companion/node_modules/next/dist/server/lib/router-server.js:447:24)
    at async requestHandlerImpl (/Users/mengtian/Code/study-companion/node_modules/next/dist/server/lib/router-server.js:496:13)
    at async Server.requestListener (/Users/mengtian/Code/study-companion/node_modules/next/dist/server/lib/start-server.js:226:13)\nCause: {"err":{"name":"PrismaClientValidationError","clientVersion":"5.22.0"},"provider":"google"}\n[ERROR] AdapterError: Read more at https://errors.authjs.dev#adaptererror
    at acc.<computed> (/Users/mengtian/Code/study-companion/.next/dev/server/chunks/97170_@auth_core_17c76a4c._.js:1623:31)
    at async handleLoginOrRegister (/Users/mengtian/Code/study-companion/.next/dev/server/chunks/97170_@auth_core_17c76a4c._.js:3216:20)
    at async Module.callback (/Users/mengtian/Code/study-companion/.next/dev/server/chunks/97170_@auth_core_17c76a4c._.js:4123:50)
    at async AuthInternal (/Users/mengtian/Code/study-companion/.next/dev/server/chunks/97170_@auth_core_17c76a4c._.js:5123:24)
    at async Auth (/Users/mengtian/Code/study-companion/.next/dev/server/chunks/97170_@auth_core_17c76a4c._.js:5370:34)
    at async AppRouteRouteModule.do (/Users/mengtian/Code/study-companion/node_modules/next/dist/compiled/next-server/app-route-turbo.runtime.dev.js:5:37866)
    at async AppRouteRouteModule.handle (/Users/mengtian/Code/study-companion/node_modules/next/dist/compiled/next-server/app-route-turbo.runtime.dev.js:5:45156)
    at async responseGenerator (/Users/mengtian/Code/study-companion/.next/dev/server/chunks/node_modules_next_c0d7f167._.js:17148:38)
    at async AppRouteRouteModule.handleResponse (/Users/mengtian/Code/study-companion/node_modules/next/dist/compiled/next-server/app-route-turbo.runtime.dev.js:1:191938)
    at async handleResponse (/Users/mengtian/Code/study-companion/.next/dev/server/chunks/node_modules_next_c0d7f167._.js:17211:32)
    at async Module.handler (/Users/mengtian/Code/study-companion/.next/dev/server/chunks/node_modules_next_c0d7f167._.js:17264:13)
    at async DevServer.renderToResponseWithComponentsImpl (/Users/mengtian/Code/study-companion/node_modules/next/dist/server/base-server.js:1442:9)
    at async DevServer.renderPageComponent (/Users/mengtian/Code/study-companion/node_modules/next/dist/server/base-server.js:1494:24)
    at async DevServer.renderToResponseImpl (/Users/mengtian/Code/study-companion/node_modules/next/dist/server/base-server.js:1544:32)
    at async DevServer.pipeImpl (/Users/mengtian/Code/study-companion/node_modules/next/dist/server/base-server.js:1038:25)
    at async NextNodeServer.handleCatchallRenderRequest (/Users/mengtian/Code/study-companion/node_modules/next/dist/server/next-server.js:395:17)
    at async DevServer.handleRequestImpl (/Users/mengtian/Code/study-companion/node_modules/next/dist/server/base-server.js:929:17)
    at async /Users/mengtian/Code/study-companion/node_modules/next/dist/server/dev/next-dev-server.js:387:20
    at async Span.traceAsyncFn (/Users/mengtian/Code/study-companion/node_modules/next/dist/trace/trace.js:157:20)
    at async DevServer.handleRequest (/Users/mengtian/Code/study-companion/node_modules/next/dist/server/dev/next-dev-server.js:383:24)
    at async invokeRender (/Users/mengtian/Code/study-companion/node_modules/next/dist/server/lib/router-server.js:248:21)
    at async handleRequest (/Users/mengtian/Code/study-companion/node_modules/next/dist/server/lib/router-server.js:447:24)
    at async requestHandlerImpl (/Users/mengtian/Code/study-companion/node_modules/next/dist/server/lib/router-server.js:496:13)
    at async Server.requestListener (/Users/mengtian/Code/study-companion/node_modules/next/dist/server/lib/start-server.js:226:13)\nCause: {"err":{"name":"PrismaClientKnownRequestError","code":"P2011","clientVersion":"5.22.0","meta":{"modelName":"User","constraint":["updatedAt"]}}}\n[ERROR] AdapterError: Read more at https://errors.authjs.dev#adaptererror
    at acc.<computed> (/Users/mengtian/Code/study-companion/.next/dev/server/chunks/97170_@auth_core_17c76a4c._.js:1623:31)
    at async handleLoginOrRegister (/Users/mengtian/Code/study-companion/.next/dev/server/chunks/97170_@auth_core_17c76a4c._.js:3216:20)
    at async Module.callback (/Users/mengtian/Code/study-companion/.next/dev/server/chunks/97170_@auth_core_17c76a4c._.js:4123:50)
    at async AuthInternal (/Users/mengtian/Code/study-companion/.next/dev/server/chunks/97170_@auth_core_17c76a4c._.js:5123:24)
    at async Auth (/Users/mengtian/Code/study-companion/.next/dev/server/chunks/97170_@auth_core_17c76a4c._.js:5370:34)
    at async AppRouteRouteModule.do (/Users/mengtian/Code/study-companion/node_modules/next/dist/compiled/next-server/app-route-turbo.runtime.dev.js:5:37866)
    at async AppRouteRouteModule.handle (/Users/mengtian/Code/study-companion/node_modules/next/dist/compiled/next-server/app-route-turbo.runtime.dev.js:5:45156)
    at async responseGenerator (/Users/mengtian/Code/study-companion/.next/dev/server/chunks/node_modules_next_c0d7f167._.js:17148:38)
    at async AppRouteRouteModule.handleResponse (/Users/mengtian/Code/study-companion/node_modules/next/dist/compiled/next-server/app-route-turbo.runtime.dev.js:1:191938)
    at async handleResponse (/Users/mengtian/Code/study-companion/.next/dev/server/chunks/node_modules_next_c0d7f167._.js:17211:32)
    at async Module.handler (/Users/mengtian/Code/study-companion/.next/dev/server/chunks/node_modules_next_c0d7f167._.js:17264:13)
    at async DevServer.renderToResponseWithComponentsImpl (/Users/mengtian/Code/study-companion/node_modules/next/dist/server/base-server.js:1442:9)
    at async DevServer.renderPageComponent (/Users/mengtian/Code/study-companion/node_modules/next/dist/server/base-server.js:1494:24)
    at async DevServer.renderToResponseImpl (/Users/mengtian/Code/study-companion/node_modules/next/dist/server/base-server.js:1544:32)
    at async DevServer.pipeImpl (/Users/mengtian/Code/study-companion/node_modules/next/dist/server/base-server.js:1038:25)
    at async NextNodeServer.handleCatchallRenderRequest (/Users/mengtian/Code/study-companion/node_modules/next/dist/server/next-server.js:395:17)
    at async DevServer.handleRequestImpl (/Users/mengtian/Code/study-companion/node_modules/next/dist/server/base-server.js:929:17)
    at async /Users/mengtian/Code/study-companion/node_modules/next/dist/server/dev/next-dev-server.js:387:20
    at async Span.traceAsyncFn (/Users/mengtian/Code/study-companion/node_modules/next/dist/trace/trace.js:157:20)
    at async DevServer.handleRequest (/Users/mengtian/Code/study-companion/node_modules/next/dist/server/dev/next-dev-server.js:383:24)
    at async invokeRender (/Users/mengtian/Code/study-companion/node_modules/next/dist/server/lib/router-server.js:248:21)
    at async handleRequest (/Users/mengtian/Code/study-companion/node_modules/next/dist/server/lib/router-server.js:447:24)
    at async requestHandlerImpl (/Users/mengtian/Code/study-companion/node_modules/next/dist/server/lib/router-server.js:496:13)
    at async Server.requestListener (/Users/mengtian/Code/study-companion/node_modules/next/dist/server/lib/start-server.js:226:13)\nCause: {"err":{"name":"PrismaClientKnownRequestError","code":"P2011","clientVersion":"5.22.0","meta":{"modelName":"User","constraint":["updatedAt"]}}}\n[ERROR] CredentialsSignin: Read more at https://errors.authjs.dev#credentialssignin
    at Module.callback (/Users/mengtian/Code/study-companion/.next/dev/server/chunks/97170_@auth_core_17c76a4c._.js:4314:30)
    at async AuthInternal (/Users/mengtian/Code/study-companion/.next/dev/server/chunks/97170_@auth_core_17c76a4c._.js:5148:24)
    at async Auth (/Users/mengtian/Code/study-companion/.next/dev/server/chunks/97170_@auth_core_17c76a4c._.js:5370:34)
    at async AppRouteRouteModule.do (/Users/mengtian/Code/study-companion/node_modules/next/dist/compiled/next-server/app-route-turbo.runtime.dev.js:5:37866)
    at async AppRouteRouteModule.handle (/Users/mengtian/Code/study-companion/node_modules/next/dist/compiled/next-server/app-route-turbo.runtime.dev.js:5:45156)
    at async responseGenerator (/Users/mengtian/Code/study-companion/.next/dev/server/chunks/node_modules_next_c0d7f167._.js:17148:38)
    at async AppRouteRouteModule.handleResponse (/Users/mengtian/Code/study-companion/node_modules/next/dist/compiled/next-server/app-route-turbo.runtime.dev.js:1:191938)
    at async handleResponse (/Users/mengtian/Code/study-companion/.next/dev/server/chunks/node_modules_next_c0d7f167._.js:17211:32)
    at async Module.handler (/Users/mengtian/Code/study-companion/.next/dev/server/chunks/node_modules_next_c0d7f167._.js:17264:13)
    at async DevServer.renderToResponseWithComponentsImpl (/Users/mengtian/Code/study-companion/node_modules/next/dist/server/base-server.js:1442:9)
    at async DevServer.renderPageComponent (/Users/mengtian/Code/study-companion/node_modules/next/dist/server/base-server.js:1494:24)
    at async DevServer.renderToResponseImpl (/Users/mengtian/Code/study-companion/node_modules/next/dist/server/base-server.js:1544:32)
    at async DevServer.pipeImpl (/Users/mengtian/Code/study-companion/node_modules/next/dist/server/base-server.js:1038:25)
    at async NextNodeServer.handleCatchallRenderRequest (/Users/mengtian/Code/study-companion/node_modules/next/dist/server/next-server.js:395:17)
    at async DevServer.handleRequestImpl (/Users/mengtian/Code/study-companion/node_modules/next/dist/server/base-server.js:929:17)
    at async /Users/mengtian/Code/study-companion/node_modules/next/dist/server/dev/next-dev-server.js:387:20
    at async Span.traceAsyncFn (/Users/mengtian/Code/study-companion/node_modules/next/dist/trace/trace.js:157:20)
    at async DevServer.handleRequest (/Users/mengtian/Code/study-companion/node_modules/next/dist/server/dev/next-dev-server.js:383:24)
    at async invokeRender (/Users/mengtian/Code/study-companion/node_modules/next/dist/server/lib/router-server.js:248:21)
    at async handleRequest (/Users/mengtian/Code/study-companion/node_modules/next/dist/server/lib/router-server.js:447:24)
    at async requestHandlerImpl (/Users/mengtian/Code/study-companion/node_modules/next/dist/server/lib/router-server.js:496:13)
    at async Server.requestListener (/Users/mengtian/Code/study-companion/node_modules/next/dist/server/lib/start-server.js:226:13)\n[ERROR] CredentialsSignin: Read more at https://errors.authjs.dev#credentialssignin
    at Module.callback (/Users/mengtian/Code/study-companion/.next/dev/server/chunks/97170_@auth_core_17c76a4c._.js:4314:30)
    at async AuthInternal (/Users/mengtian/Code/study-companion/.next/dev/server/chunks/97170_@auth_core_17c76a4c._.js:5148:24)
    at async Auth (/Users/mengtian/Code/study-companion/.next/dev/server/chunks/97170_@auth_core_17c76a4c._.js:5370:34)
    at async AppRouteRouteModule.do (/Users/mengtian/Code/study-companion/node_modules/next/dist/compiled/next-server/app-route-turbo.runtime.dev.js:5:37866)
    at async AppRouteRouteModule.handle (/Users/mengtian/Code/study-companion/node_modules/next/dist/compiled/next-server/app-route-turbo.runtime.dev.js:5:45156)
    at async responseGenerator (/Users/mengtian/Code/study-companion/.next/dev/server/chunks/node_modules_next_c0d7f167._.js:17148:38)
    at async AppRouteRouteModule.handleResponse (/Users/mengtian/Code/study-companion/node_modules/next/dist/compiled/next-server/app-route-turbo.runtime.dev.js:1:191938)
    at async handleResponse (/Users/mengtian/Code/study-companion/.next/dev/server/chunks/node_modules_next_c0d7f167._.js:17211:32)
    at async Module.handler (/Users/mengtian/Code/study-companion/.next/dev/server/chunks/node_modules_next_c0d7f167._.js:17264:13)
    at async DevServer.renderToResponseWithComponentsImpl (/Users/mengtian/Code/study-companion/node_modules/next/dist/server/base-server.js:1442:9)
    at async DevServer.renderPageComponent (/Users/mengtian/Code/study-companion/node_modules/next/dist/server/base-server.js:1494:24)
    at async DevServer.renderToResponseImpl (/Users/mengtian/Code/study-companion/node_modules/next/dist/server/base-server.js:1544:32)
    at async DevServer.pipeImpl (/Users/mengtian/Code/study-companion/node_modules/next/dist/server/base-server.js:1038:25)
    at async NextNodeServer.handleCatchallRenderRequest (/Users/mengtian/Code/study-companion/node_modules/next/dist/server/next-server.js:395:17)
    at async DevServer.handleRequestImpl (/Users/mengtian/Code/study-companion/node_modules/next/dist/server/base-server.js:929:17)
    at async /Users/mengtian/Code/study-companion/node_modules/next/dist/server/dev/next-dev-server.js:387:20
    at async Span.traceAsyncFn (/Users/mengtian/Code/study-companion/node_modules/next/dist/trace/trace.js:157:20)
    at async DevServer.handleRequest (/Users/mengtian/Code/study-companion/node_modules/next/dist/server/dev/next-dev-server.js:383:24)
    at async invokeRender (/Users/mengtian/Code/study-companion/node_modules/next/dist/server/lib/router-server.js:248:21)
    at async handleRequest (/Users/mengtian/Code/study-companion/node_modules/next/dist/server/lib/router-server.js:447:24)
    at async requestHandlerImpl (/Users/mengtian/Code/study-companion/node_modules/next/dist/server/lib/router-server.js:496:13)
    at async Server.requestListener (/Users/mengtian/Code/study-companion/node_modules/next/dist/server/lib/start-server.js:226:13)\n[ERROR] CredentialsSignin: Read more at https://errors.authjs.dev#credentialssignin
    at Module.callback (/Users/mengtian/Code/study-companion/.next/dev/server/chunks/97170_@auth_core_17c76a4c._.js:4314:30)
    at async AuthInternal (/Users/mengtian/Code/study-companion/.next/dev/server/chunks/97170_@auth_core_17c76a4c._.js:5148:24)
    at async Auth (/Users/mengtian/Code/study-companion/.next/dev/server/chunks/97170_@auth_core_17c76a4c._.js:5370:34)
    at async AppRouteRouteModule.do (/Users/mengtian/Code/study-companion/node_modules/next/dist/compiled/next-server/app-route-turbo.runtime.dev.js:5:37866)
    at async AppRouteRouteModule.handle (/Users/mengtian/Code/study-companion/node_modules/next/dist/compiled/next-server/app-route-turbo.runtime.dev.js:5:45156)
    at async responseGenerator (/Users/mengtian/Code/study-companion/.next/dev/server/chunks/node_modules_next_c0d7f167._.js:17148:38)
    at async AppRouteRouteModule.handleResponse (/Users/mengtian/Code/study-companion/node_modules/next/dist/compiled/next-server/app-route-turbo.runtime.dev.js:1:191938)
    at async handleResponse (/Users/mengtian/Code/study-companion/.next/dev/server/chunks/node_modules_next_c0d7f167._.js:17211:32)
    at async Module.handler (/Users/mengtian/Code/study-companion/.next/dev/server/chunks/node_modules_next_c0d7f167._.js:17264:13)
    at async DevServer.renderToResponseWithComponentsImpl (/Users/mengtian/Code/study-companion/node_modules/next/dist/server/base-server.js:1442:9)
    at async DevServer.renderPageComponent (/Users/mengtian/Code/study-companion/node_modules/next/dist/server/base-server.js:1494:24)
    at async DevServer.renderToResponseImpl (/Users/mengtian/Code/study-companion/node_modules/next/dist/server/base-server.js:1544:32)
    at async DevServer.pipeImpl (/Users/mengtian/Code/study-companion/node_modules/next/dist/server/base-server.js:1038:25)
    at async NextNodeServer.handleCatchallRenderRequest (/Users/mengtian/Code/study-companion/node_modules/next/dist/server/next-server.js:395:17)
    at async DevServer.handleRequestImpl (/Users/mengtian/Code/study-companion/node_modules/next/dist/server/base-server.js:929:17)
    at async /Users/mengtian/Code/study-companion/node_modules/next/dist/server/dev/next-dev-server.js:387:20
    at async Span.traceAsyncFn (/Users/mengtian/Code/study-companion/node_modules/next/dist/trace/trace.js:157:20)
    at async DevServer.handleRequest (/Users/mengtian/Code/study-companion/node_modules/next/dist/server/dev/next-dev-server.js:383:24)
    at async invokeRender (/Users/mengtian/Code/study-companion/node_modules/next/dist/server/lib/router-server.js:248:21)
    at async handleRequest (/Users/mengtian/Code/study-companion/node_modules/next/dist/server/lib/router-server.js:447:24)
    at async requestHandlerImpl (/Users/mengtian/Code/study-companion/node_modules/next/dist/server/lib/router-server.js:496:13)
    at async Server.requestListener (/Users/mengtian/Code/study-companion/node_modules/next/dist/server/lib/start-server.js:226:13)\n[ERROR] MissingCSRF: CSRF token was missing during an action callback. Read more at https://errors.authjs.dev#missingcsrf
    at validateCSRF (/Users/mengtian/Code/study-companion/.next/dev/server/chunks/97170_@auth_core_17c76a4c._.js:1228:11)
    at AuthInternal (/Users/mengtian/Code/study-companion/.next/dev/server/chunks/97170_@auth_core_17c76a4c._.js:5147:254)
    at async Auth (/Users/mengtian/Code/study-companion/.next/dev/server/chunks/97170_@auth_core_17c76a4c._.js:5370:34)
    at async AppRouteRouteModule.do (/Users/mengtian/Code/study-companion/node_modules/next/dist/compiled/next-server/app-route-turbo.runtime.dev.js:5:37866)
    at async AppRouteRouteModule.handle (/Users/mengtian/Code/study-companion/node_modules/next/dist/compiled/next-server/app-route-turbo.runtime.dev.js:5:45156)
    at async responseGenerator (/Users/mengtian/Code/study-companion/.next/dev/server/chunks/node_modules_next_c0d7f167._.js:17148:38)
    at async AppRouteRouteModule.handleResponse (/Users/mengtian/Code/study-companion/node_modules/next/dist/compiled/next-server/app-route-turbo.runtime.dev.js:1:191938)
    at async handleResponse (/Users/mengtian/Code/study-companion/.next/dev/server/chunks/node_modules_next_c0d7f167._.js:17211:32)
    at async Module.handler (/Users/mengtian/Code/study-companion/.next/dev/server/chunks/node_modules_next_c0d7f167._.js:17264:13)
    at async DevServer.renderToResponseWithComponentsImpl (/Users/mengtian/Code/study-companion/node_modules/next/dist/server/base-server.js:1442:9)
    at async DevServer.renderPageComponent (/Users/mengtian/Code/study-companion/node_modules/next/dist/server/base-server.js:1494:24)
    at async DevServer.renderToResponseImpl (/Users/mengtian/Code/study-companion/node_modules/next/dist/server/base-server.js:1544:32)
    at async DevServer.pipeImpl (/Users/mengtian/Code/study-companion/node_modules/next/dist/server/base-server.js:1038:25)
    at async NextNodeServer.handleCatchallRenderRequest (/Users/mengtian/Code/study-companion/node_modules/next/dist/server/next-server.js:395:17)
    at async DevServer.handleRequestImpl (/Users/mengtian/Code/study-companion/node_modules/next/dist/server/base-server.js:929:17)
    at async /Users/mengtian/Code/study-companion/node_modules/next/dist/server/dev/next-dev-server.js:387:20
    at async Span.traceAsyncFn (/Users/mengtian/Code/study-companion/node_modules/next/dist/trace/trace.js:157:20)
    at async DevServer.handleRequest (/Users/mengtian/Code/study-companion/node_modules/next/dist/server/dev/next-dev-server.js:383:24)
    at async invokeRender (/Users/mengtian/Code/study-companion/node_modules/next/dist/server/lib/router-server.js:248:21)
    at async handleRequest (/Users/mengtian/Code/study-companion/node_modules/next/dist/server/lib/router-server.js:447:24)
    at async requestHandlerImpl (/Users/mengtian/Code/study-companion/node_modules/next/dist/server/lib/router-server.js:496:13)
    at async Server.requestListener (/Users/mengtian/Code/study-companion/node_modules/next/dist/server/lib/start-server.js:226:13)\n[ERROR] UnknownAction: Cannot parse action at /api/auth/me. Read more at https://errors.authjs.dev#unknownaction
    at parseActionAndProviderId (/Users/mengtian/Code/study-companion/.next/dev/server/chunks/97170_@auth_core_17c76a4c._.js:1177:234)
    at toInternalRequest (/Users/mengtian/Code/study-companion/.next/dev/server/chunks/97170_@auth_core_17c76a4c._.js:1115:40)
    at Auth (/Users/mengtian/Code/study-companion/.next/dev/server/chunks/97170_@auth_core_17c76a4c._.js:5325:244)
    at httpHandler (/Users/mengtian/Code/study-companion/.next/dev/server/chunks/[root-of-the-server]__388ac90f._.js:4350:230)
    at AsyncLocalStorage.run (node:async_hooks:335:14)
    at AppRouteRouteModule.do (/Users/mengtian/Code/study-companion/node_modules/next/dist/compiled/next-server/app-route-turbo.runtime.dev.js:5:37945)
    at /Users/mengtian/Code/study-companion/node_modules/next/dist/compiled/next-server/app-route-turbo.runtime.dev.js:5:47941
    at /Users/mengtian/Code/study-companion/node_modules/next/dist/server/lib/trace/tracer.js:185:36
    at NoopContextManager.with (/Users/mengtian/Code/study-companion/node_modules/next/dist/compiled/@opentelemetry/api/index.js:1:7062)
    at ContextAPI.with (/Users/mengtian/Code/study-companion/node_modules/next/dist/compiled/@opentelemetry/api/index.js:1:518)
    at NoopTracer.startActiveSpan (/Users/mengtian/Code/study-companion/node_modules/next/dist/compiled/@opentelemetry/api/index.js:1:18093)
    at ProxyTracer.startActiveSpan (/Users/mengtian/Code/study-companion/node_modules/next/dist/compiled/@opentelemetry/api/index.js:1:18854)
    at /Users/mengtian/Code/study-companion/node_modules/next/dist/server/lib/trace/tracer.js:154:103
    at NoopContextManager.with (/Users/mengtian/Code/study-companion/node_modules/next/dist/compiled/@opentelemetry/api/index.js:1:7062)
    at ContextAPI.with (/Users/mengtian/Code/study-companion/node_modules/next/dist/compiled/@opentelemetry/api/index.js:1:518)
    at NextTracerImpl.trace (/Users/mengtian/Code/study-companion/node_modules/next/dist/server/lib/trace/tracer.js:154:28)
    at /Users/mengtian/Code/study-companion/node_modules/next/dist/compiled/next-server/app-route-turbo.runtime.dev.js:5:47780
    at AsyncLocalStorage.run (node:async_hooks:346:14)
    at /Users/mengtian/Code/study-companion/node_modules/next/dist/compiled/next-server/app-route-turbo.runtime.dev.js:5:45275
    at AsyncLocalStorage.run (node:async_hooks:346:14)
    at /Users/mengtian/Code/study-companion/node_modules/next/dist/compiled/next-server/app-route-turbo.runtime.dev.js:5:45232
    at AsyncLocalStorage.run (node:async_hooks:346:14)
    at AppRouteRouteModule.handle (/Users/mengtian/Code/study-companion/node_modules/next/dist/compiled/next-server/app-route-turbo.runtime.dev.js:5:45186)\n[ERROR] CredentialsSignin: Read more at https://errors.authjs.dev#credentialssignin
    at Module.callback (/Users/mengtian/Code/study-companion/.next/dev/server/chunks/97170_@auth_core_17c76a4c._.js:4314:30)
    at async AuthInternal (/Users/mengtian/Code/study-companion/.next/dev/server/chunks/97170_@auth_core_17c76a4c._.js:5148:24)
    at async Auth (/Users/mengtian/Code/study-companion/.next/dev/server/chunks/97170_@auth_core_17c76a4c._.js:5370:34)
    at async AppRouteRouteModule.do (/Users/mengtian/Code/study-companion/node_modules/next/dist/compiled/next-server/app-route-turbo.runtime.dev.js:5:37866)
    at async AppRouteRouteModule.handle (/Users/mengtian/Code/study-companion/node_modules/next/dist/compiled/next-server/app-route-turbo.runtime.dev.js:5:45156)
    at async responseGenerator (/Users/mengtian/Code/study-companion/.next/dev/server/chunks/node_modules_next_c0d7f167._.js:17148:38)
    at async AppRouteRouteModule.handleResponse (/Users/mengtian/Code/study-companion/node_modules/next/dist/compiled/next-server/app-route-turbo.runtime.dev.js:1:191938)
    at async handleResponse (/Users/mengtian/Code/study-companion/.next/dev/server/chunks/node_modules_next_c0d7f167._.js:17211:32)
    at async Module.handler (/Users/mengtian/Code/study-companion/.next/dev/server/chunks/node_modules_next_c0d7f167._.js:17264:13)
    at async DevServer.renderToResponseWithComponentsImpl (/Users/mengtian/Code/study-companion/node_modules/next/dist/server/base-server.js:1442:9)
    at async DevServer.renderPageComponent (/Users/mengtian/Code/study-companion/node_modules/next/dist/server/base-server.js:1494:24)
    at async DevServer.renderToResponseImpl (/Users/mengtian/Code/study-companion/node_modules/next/dist/server/base-server.js:1544:32)
    at async DevServer.pipeImpl (/Users/mengtian/Code/study-companion/node_modules/next/dist/server/base-server.js:1038:25)
    at async NextNodeServer.handleCatchallRenderRequest (/Users/mengtian/Code/study-companion/node_modules/next/dist/server/next-server.js:395:17)
    at async DevServer.handleRequestImpl (/Users/mengtian/Code/study-companion/node_modules/next/dist/server/base-server.js:929:17)
    at async /Users/mengtian/Code/study-companion/node_modules/next/dist/server/dev/next-dev-server.js:387:20
    at async Span.traceAsyncFn (/Users/mengtian/Code/study-companion/node_modules/next/dist/trace/trace.js:157:20)
    at async DevServer.handleRequest (/Users/mengtian/Code/study-companion/node_modules/next/dist/server/dev/next-dev-server.js:383:24)
    at async invokeRender (/Users/mengtian/Code/study-companion/node_modules/next/dist/server/lib/router-server.js:248:21)
    at async handleRequest (/Users/mengtian/Code/study-companion/node_modules/next/dist/server/lib/router-server.js:447:24)
    at async requestHandlerImpl (/Users/mengtian/Code/study-companion/node_modules/next/dist/server/lib/router-server.js:496:13)
    at async Server.requestListener (/Users/mengtian/Code/study-companion/node_modules/next/dist/server/lib/start-server.js:226:13)\n[ERROR] InvalidCheck: pkceCodeVerifier value could not be parsed. Read more at https://errors.authjs.dev#invalidcheck
    at parseCookie (/Users/mengtian/Codes/study-companion/.next/dev/server/chunks/97170_@auth_core_17c76a4c._.js:3312:15)
    at Object.use (/Users/mengtian/Codes/study-companion/.next/dev/server/chunks/97170_@auth_core_17c76a4c._.js:3340:30)
    at handleOAuth (/Users/mengtian/Codes/study-companion/.next/dev/server/chunks/97170_@auth_core_17c76a4c._.js:3570:250)
    at process.processTicksAndRejections (node:internal/process/task_queues:105:5)
    at async Module.callback (/Users/mengtian/Codes/study-companion/.next/dev/server/chunks/97170_@auth_core_17c76a4c._.js:4085:41)
    at async AuthInternal (/Users/mengtian/Codes/study-companion/.next/dev/server/chunks/97170_@auth_core_17c76a4c._.js:5123:24)
    at async Auth (/Users/mengtian/Codes/study-companion/.next/dev/server/chunks/97170_@auth_core_17c76a4c._.js:5370:34)
    at async AppRouteRouteModule.do (/Users/mengtian/Codes/study-companion/node_modules/next/dist/compiled/next-server/app-route-turbo.runtime.dev.js:5:37866)
    at async AppRouteRouteModule.handle (/Users/mengtian/Codes/study-companion/node_modules/next/dist/compiled/next-server/app-route-turbo.runtime.dev.js:5:45156)
    at async responseGenerator (/Users/mengtian/Codes/study-companion/.next/dev/server/chunks/node_modules_next_c0d7f167._.js:17148:38)
    at async AppRouteRouteModule.handleResponse (/Users/mengtian/Codes/study-companion/node_modules/next/dist/compiled/next-server/app-route-turbo.runtime.dev.js:1:191938)
    at async handleResponse (/Users/mengtian/Codes/study-companion/.next/dev/server/chunks/node_modules_next_c0d7f167._.js:17211:32)
    at async Module.handler (/Users/mengtian/Codes/study-companion/.next/dev/server/chunks/node_modules_next_c0d7f167._.js:17264:13)
    at async DevServer.renderToResponseWithComponentsImpl (/Users/mengtian/Codes/study-companion/node_modules/next/dist/server/base-server.js:1442:9)
    at async DevServer.renderPageComponent (/Users/mengtian/Codes/study-companion/node_modules/next/dist/server/base-server.js:1494:24)
    at async DevServer.renderToResponseImpl (/Users/mengtian/Codes/study-companion/node_modules/next/dist/server/base-server.js:1544:32)
    at async DevServer.pipeImpl (/Users/mengtian/Codes/study-companion/node_modules/next/dist/server/base-server.js:1038:25)
    at async NextNodeServer.handleCatchallRenderRequest (/Users/mengtian/Codes/study-companion/node_modules/next/dist/server/next-server.js:395:17)
    at async DevServer.handleRequestImpl (/Users/mengtian/Codes/study-companion/node_modules/next/dist/server/base-server.js:929:17)
    at async /Users/mengtian/Codes/study-companion/node_modules/next/dist/server/dev/next-dev-server.js:387:20
    at async Span.traceAsyncFn (/Users/mengtian/Codes/study-companion/node_modules/next/dist/trace/trace.js:157:20)
    at async DevServer.handleRequest (/Users/mengtian/Codes/study-companion/node_modules/next/dist/server/dev/next-dev-server.js:383:24)
    at async invokeRender (/Users/mengtian/Codes/study-companion/node_modules/next/dist/server/lib/router-server.js:248:21)
    at async handleRequest (/Users/mengtian/Codes/study-companion/node_modules/next/dist/server/lib/router-server.js:447:24)
    at async requestHandlerImpl (/Users/mengtian/Codes/study-companion/node_modules/next/dist/server/lib/router-server.js:496:13)
    at async Server.requestListener (/Users/mengtian/Codes/study-companion/node_modules/next/dist/server/lib/start-server.js:226:13)\nCause: InvalidCheck: pkceCodeVerifier cookie was missing. Read more at https://errors.authjs.dev#invalidcheck
    at parseCookie (/Users/mengtian/Codes/study-companion/.next/dev/server/chunks/97170_@auth_core_17c76a4c._.js:3303:27)
    at Object.use (/Users/mengtian/Codes/study-companion/.next/dev/server/chunks/97170_@auth_core_17c76a4c._.js:3340:30)
    at handleOAuth (/Users/mengtian/Codes/study-companion/.next/dev/server/chunks/97170_@auth_core_17c76a4c._.js:3570:250)
    at process.processTicksAndRejections (node:internal/process/task_queues:105:5)
    at async Module.callback (/Users/mengtian/Codes/study-companion/.next/dev/server/chunks/97170_@auth_core_17c76a4c._.js:4085:41)
    at async AuthInternal (/Users/mengtian/Codes/study-companion/.next/dev/server/chunks/97170_@auth_core_17c76a4c._.js:5123:24)
    at async Auth (/Users/mengtian/Codes/study-companion/.next/dev/server/chunks/97170_@auth_core_17c76a4c._.js:5370:34)
    at async AppRouteRouteModule.do (/Users/mengtian/Codes/study-companion/node_modules/next/dist/compiled/next-server/app-route-turbo.runtime.dev.js:5:37866)
    at async AppRouteRouteModule.handle (/Users/mengtian/Codes/study-companion/node_modules/next/dist/compiled/next-server/app-route-turbo.runtime.dev.js:5:45156)
    at async responseGenerator (/Users/mengtian/Codes/study-companion/.next/dev/server/chunks/node_modules_next_c0d7f167._.js:17148:38)
    at async AppRouteRouteModule.handleResponse (/Users/mengtian/Codes/study-companion/node_modules/next/dist/compiled/next-server/app-route-turbo.runtime.dev.js:1:191938)
    at async handleResponse (/Users/mengtian/Codes/study-companion/.next/dev/server/chunks/node_modules_next_c0d7f167._.js:17211:32)
    at async Module.handler (/Users/mengtian/Codes/study-companion/.next/dev/server/chunks/node_modules_next_c0d7f167._.js:17264:13)
    at async DevServer.renderToResponseWithComponentsImpl (/Users/mengtian/Codes/study-companion/node_modules/next/dist/server/base-server.js:1442:9)
    at async DevServer.renderPageComponent (/Users/mengtian/Codes/study-companion/node_modules/next/dist/server/base-server.js:1494:24)
    at async DevServer.renderToResponseImpl (/Users/mengtian/Codes/study-companion/node_modules/next/dist/server/base-server.js:1544:32)
    at async DevServer.pipeImpl (/Users/mengtian/Codes/study-companion/node_modules/next/dist/server/base-server.js:1038:25)
    at async NextNodeServer.handleCatchallRenderRequest (/Users/mengtian/Codes/study-companion/node_modules/next/dist/server/next-server.js:395:17)
    at async DevServer.handleRequestImpl (/Users/mengtian/Codes/study-companion/node_modules/next/dist/server/base-server.js:929:17)
    at async /Users/mengtian/Codes/study-companion/node_modules/next/dist/server/dev/next-dev-server.js:387:20
    at async Span.traceAsyncFn (/Users/mengtian/Codes/study-companion/node_modules/next/dist/trace/trace.js:157:20)
    at async DevServer.handleRequest (/Users/mengtian/Codes/study-companion/node_modules/next/dist/server/dev/next-dev-server.js:383:24)
    at async invokeRender (/Users/mengtian/Codes/study-companion/node_modules/next/dist/server/lib/router-server.js:248:21)
    at async handleRequest (/Users/mengtian/Codes/study-companion/node_modules/next/dist/server/lib/router-server.js:447:24)
    at async requestHandlerImpl (/Users/mengtian/Codes/study-companion/node_modules/next/dist/server/lib/router-server.js:496:13)
    at async Server.requestListener (/Users/mengtian/Codes/study-companion/node_modules/next/dist/server/lib/start-server.js:226:13)\n